c:\users\iapetos45\source\repos\imageprocessing\imageprocessing\debug\imageprocessing.pch
c:\users\iapetos45\source\repos\imageprocessing\imageprocessing\debug\vc142.pdb
c:\users\iapetos45\source\repos\imageprocessing\imageprocessing\debug\vc142.idb
c:\users\iapetos45\source\repos\imageprocessing\imageprocessing\debug\pch.obj
c:\users\iapetos45\source\repos\imageprocessing\imageprocessing\debug\viewtree.obj
c:\users\iapetos45\source\repos\imageprocessing\imageprocessing\debug\propertieswnd.obj
c:\users\iapetos45\source\repos\imageprocessing\imageprocessing\debug\outputwnd.obj
c:\users\iapetos45\source\repos\imageprocessing\imageprocessing\debug\mainfrm.obj
c:\users\iapetos45\source\repos\imageprocessing\imageprocessing\debug\imageprocessingview.obj
c:\users\iapetos45\source\repos\imageprocessing\imageprocessing\debug\imageprocessing.obj
c:\users\iapetos45\source\repos\imageprocessing\imageprocessing\debug\fileview.obj
c:\users\iapetos45\source\repos\imageprocessing\imageprocessing\debug\classview.obj
c:\users\iapetos45\source\repos\imageprocessing\imageprocessing\debug\childfrm.obj
c:\users\iapetos45\source\repos\imageprocessing\imageprocessing\debug\imageprocessingdoc.obj
c:\users\iapetos45\source\repos\imageprocessing\debug\imageprocessing.ilk
c:\users\iapetos45\source\repos\imageprocessing\debug\imageprocessing.exe
c:\users\iapetos45\source\repos\imageprocessing\debug\imageprocessing.pdb
c:\users\iapetos45\source\repos\imageprocessing\imageprocessing\debug\imageprocessing.res
c:\users\iapetos45\source\repos\imageprocessing\imageprocessing\debug\imageprocessing.tlog\cl.command.1.tlog
c:\users\iapetos45\source\repos\imageprocessing\imageprocessing\debug\imageprocessing.tlog\cl.read.1.tlog
c:\users\iapetos45\source\repos\imageprocessing\imageprocessing\debug\imageprocessing.tlog\cl.write.1.tlog
c:\users\iapetos45\source\repos\imageprocessing\imageprocessing\debug\imageprocessing.tlog\link.command.1.tlog
c:\users\iapetos45\source\repos\imageprocessing\imageprocessing\debug\imageprocessing.tlog\link.read.1.tlog
c:\users\iapetos45\source\repos\imageprocessing\imageprocessing\debug\imageprocessing.tlog\link.write.1.tlog
c:\users\iapetos45\source\repos\imageprocessing\imageprocessing\debug\imageprocessing.tlog\rc.command.1.tlog
c:\users\iapetos45\source\repos\imageprocessing\imageprocessing\debug\imageprocessing.tlog\rc.read.1.tlog
c:\users\iapetos45\source\repos\imageprocessing\imageprocessing\debug\imageprocessing.tlog\rc.write.1.tlog
